0 info it worked if it ends with ok
1 verbose cli [ '/usr/local/Cellar/node/7.4.0/bin/node',
1 verbose cli   '/usr/local/bin/npm',
1 verbose cli   'start' ]
2 info using npm@4.0.5
3 info using node@v7.4.0
4 verbose run-script [ 'prestart', 'start', 'poststart' ]
5 info lifecycle bub-client@0.0.1~prestart: bub-client@0.0.1
6 silly lifecycle bub-client@0.0.1~prestart: no script for prestart, continuing
7 info lifecycle bub-client@0.0.1~start: bub-client@0.0.1
8 verbose lifecycle bub-client@0.0.1~start: unsafe-perm in lifecycle true
9 verbose lifecycle bub-client@0.0.1~start: PATH: /usr/local/lib/node_modules/npm/bin/node-gyp-bin:/Users/mihir/projects/personal/bub/bub-client/node_modules/.bin:/Users/mihir/.cargo/bin:/usr/local/bin:/Users/mihir/.nvm/versions/node/v6.7.0/bin:/Users/mihir/projects/openchs/geoserver/bin:/Library/Java/JavaVirtualMachines/jdk1.8.0_91.jdk/Contents/Home:/Users/mihir/.jenv/shims:/Users/mihir/.cabal/bin:/Users/mihir/.local/bin:/Users/mihir/.jenv/bin:/usr/local/var/rbenv/shims:/usr/local/sbin:/Applications/Sublime Text.app/Contents/SharedSupport/bin:/Applications/IntelliJ IDEA.app/Contents/MacOS:/Users/mihir/projects/revenge.io/apache-cassandra/bin:/Users/mihir/Library/Android/sdk/platform-tools:/Users/mihir/Library/Android/sdk/tools:/Users/mihir/Library/Android/sdk:/usr/local/go/bin:/usr/local/bin:/usr/bin:/bin:/usr/sbin:/sbin:/Users/mihir/go/bin:/Users/mihir/.rvm/bin
10 verbose lifecycle bub-client@0.0.1~start: CWD: /Users/mihir/projects/personal/bub/bub-client
11 silly lifecycle bub-client@0.0.1~start: Args: [ '-c', 'node utils/webserver.js' ]
12 silly lifecycle bub-client@0.0.1~start: Returned: code: 1  signal: null
13 info lifecycle bub-client@0.0.1~start: Failed to exec start script
14 verbose stack Error: bub-client@0.0.1 start: `node utils/webserver.js`
14 verbose stack Exit status 1
14 verbose stack     at EventEmitter.<anonymous> (/usr/local/lib/node_modules/npm/lib/utils/lifecycle.js:279:16)
14 verbose stack     at emitTwo (events.js:106:13)
14 verbose stack     at EventEmitter.emit (events.js:191:7)
14 verbose stack     at ChildProcess.<anonymous> (/usr/local/lib/node_modules/npm/lib/utils/spawn.js:40:14)
14 verbose stack     at emitTwo (events.js:106:13)
14 verbose stack     at ChildProcess.emit (events.js:191:7)
14 verbose stack     at maybeClose (internal/child_process.js:885:16)
14 verbose stack     at Process.ChildProcess._handle.onexit (internal/child_process.js:226:5)
15 verbose pkgid bub-client@0.0.1
16 verbose cwd /Users/mihir/projects/personal/bub/bub-client
17 error Darwin 16.4.0
18 error argv "/usr/local/Cellar/node/7.4.0/bin/node" "/usr/local/bin/npm" "start"
19 error node v7.4.0
20 error npm  v4.0.5
21 error code ELIFECYCLE
22 error bub-client@0.0.1 start: `node utils/webserver.js`
22 error Exit status 1
23 error Failed at the bub-client@0.0.1 start script 'node utils/webserver.js'.
23 error Make sure you have the latest version of node.js and npm installed.
23 error If you do, this is most likely a problem with the bub-client package,
23 error not with npm itself.
23 error Tell the author that this fails on your system:
23 error     node utils/webserver.js
23 error You can get information on how to open an issue for this project with:
23 error     npm bugs bub-client
23 error Or if that isn't available, you can get their info via:
23 error     npm owner ls bub-client
23 error There is likely additional logging output above.
24 verbose exit [ 1, true ]
